[09Jun2025 00:03:50.912] [Server thread/INFO] [net.minecraft.server.MinecraftServer/]: korstarck has made the advancement [The Right Suit Makes all the Difference]
[09Jun2025 00:06:33.058] [Server thread/INFO] [net.minecraft.server.MinecraftServer/]: korstarck was energized by Lightning Dragon
[09Jun2025 00:06:33.064] [Server thread/INFO] [com.tiviacz.travelersbackpack.TravelersBackpack/]: Created new backpack backup file for korstarck with unique ID travelersbackpack.standard_09.06.2025-00.06.33.dat
[09Jun2025 00:06:33.066] [Server thread/INFO] [com.tiviacz.travelersbackpack.TravelersBackpack/]: There's no space for backpack. Dropping backpack item at X: 798 Y: 90.54719271219578 Z: 200
[09Jun2025 00:06:48.489] [Server thread/INFO] [net.minecraft.server.MinecraftServer/]: korstarck has made the advancement [Dragonslayer]
[09Jun2025 00:07:53.158] [Server thread/INFO] [net.minecraft.server.MinecraftServer/]: korstarck has made the advancement [Who is Cutting Onions?]
[09Jun2025 00:15:16.697] [Worker-Main-18/ERROR] [net.minecraft.Util/]: Detected setBlock in a far chunk [79, 1], pos: BlockPos{x=1279, y=59, z=26}, status: minecraft:features, currently generating: ResourceKey[minecraft:worldgen/placed_feature / myceliummire:gigatree]
[09Jun2025 00:15:16.698] [Worker-Main-18/ERROR] [net.minecraft.Util/]: Detected setBlock in a far chunk [79, 1], pos: BlockPos{x=1279, y=59, z=27}, status: minecraft:features, currently generating: ResourceKey[minecraft:worldgen/placed_feature / myceliummire:gigatree]
[09Jun2025 00:15:16.698] [Worker-Main-18/ERROR] [net.minecraft.Util/]: Detected setBlock in a far chunk [79, 1], pos: BlockPos{x=1278, y=59, z=27}, status: minecraft:features, currently generating: ResourceKey[minecraft:worldgen/placed_feature / myceliummire:gigatree]
[09Jun2025 00:15:16.698] [Worker-Main-18/ERROR] [net.minecraft.Util/]: Detected setBlock in a far chunk [79, 2], pos: BlockPos{x=1278, y=59, z=42}, status: minecraft:features, currently generating: ResourceKey[minecraft:worldgen/placed_feature / myceliummire:gigatree]
[09Jun2025 00:15:16.698] [Worker-Main-18/ERROR] [net.minecraft.Util/]: Detected setBlock in a far chunk [79, 1], pos: BlockPos{x=1277, y=59, z=26}, status: minecraft:features, currently generating: ResourceKey[minecraft:worldgen/placed_feature / myceliummire:gigatree]
[09Jun2025 00:15:16.699] [Worker-Main-18/ERROR] [net.minecraft.Util/]: Detected setBlock in a far chunk [79, 2], pos: BlockPos{x=1277, y=59, z=42}, status: minecraft:features, currently generating: ResourceKey[minecraft:worldgen/placed_feature / myceliummire:gigatree]
[09Jun2025 00:15:16.699] [Worker-Main-18/ERROR] [net.minecraft.Util/]: Detected setBlock in a far chunk [79, 1], pos: BlockPos{x=1279, y=60, z=27}, status: minecraft:features, currently generating: ResourceKey[minecraft:worldgen/placed_feature / myceliummire:gigatree]
[09Jun2025 00:15:16.699] [Worker-Main-18/ERROR] [net.minecraft.Util/]: Detected setBlock in a far chunk [79, 2], pos: BlockPos{x=1279, y=60, z=41}, status: minecraft:features, currently generating: ResourceKey[minecraft:worldgen/placed_feature / myceliummire:gigatree]
[09Jun2025 00:15:16.699] [Worker-Main-18/ERROR] [net.minecraft.Util/]: Detected setBlock in a far chunk [79, 2], pos: BlockPos{x=1279, y=60, z=42}, status: minecraft:features, currently generating: ResourceKey[minecraft:worldgen/placed_feature / myceliummire:gigatree]
[09Jun2025 00:15:16.699] [Worker-Main-18/ERROR] [net.minecraft.Util/]: Detected setBlock in a far chunk [79, 2], pos: BlockPos{x=1278, y=60, z=42}, status: minecraft:features, currently generating: ResourceKey[minecraft:worldgen/placed_feature / myceliummire:gigatree]
[09Jun2025 00:15:16.700] [Worker-Main-18/ERROR] [net.minecraft.Util/]: Detected setBlock in a far chunk [79, 1], pos: BlockPos{x=1279, y=61, z=27}, status: minecraft:features, currently generating: ResourceKey[minecraft:worldgen/placed_feature / myceliummire:gigatree]
[09Jun2025 00:15:16.700] [Worker-Main-18/ERROR] [net.minecraft.Util/]: Detected setBlock in a far chunk [79, 2], pos: BlockPos{x=1279, y=61, z=41}, status: minecraft:features, currently generating: ResourceKey[minecraft:worldgen/placed_feature / myceliummire:gigatree]
[09Jun2025 00:15:16.700] [Worker-Main-18/ERROR] [net.minecraft.Util/]: Detected setBlock in a far chunk [79, 2], pos: BlockPos{x=1279, y=61, z=42}, status: minecraft:features, currently generating: ResourceKey[minecraft:worldgen/placed_feature / myceliummire:gigatree]
[09Jun2025 00:15:16.700] [Worker-Main-18/ERROR] [net.minecraft.Util/]: Detected setBlock in a far chunk [79, 2], pos: BlockPos{x=1279, y=62, z=41}, status: minecraft:features, currently generating: ResourceKey[minecraft:worldgen/placed_feature / myceliummire:gigatree]
[09Jun2025 00:15:17.227] [Worker-Main-19/ERROR] [net.minecraft.Util/]: Detected setBlock in a far chunk [79, -7], pos: BlockPos{x=1279, y=107, z=-106}, status: minecraft:features, currently generating: ResourceKey[minecraft:worldgen/placed_feature / myceliummire:gigatree]
[09Jun2025 00:15:17.227] [Worker-Main-19/ERROR] [net.minecraft.Util/]: Detected setBlock in a far chunk [79, -8], pos: BlockPos{x=1279, y=107, z=-122}, status: minecraft:features, currently generating: ResourceKey[minecraft:worldgen/placed_feature / myceliummire:gigatree]
[09Jun2025 00:15:20.821] [Worker-Main-19/ERROR] [net.minecraft.Util/]: Detected setBlock in a far chunk [80, -2], pos: BlockPos{x=1295, y=60, z=-32}, status: minecraft:features, currently generating: ResourceKey[minecraft:worldgen/placed_feature / myceliummire:gigatree]
[09Jun2025 00:15:20.822] [Worker-Main-19/ERROR] [net.minecraft.Util/]: Detected setBlock in a far chunk [80, -2], pos: BlockPos{x=1295, y=60, z=-31}, status: minecraft:features, currently generating: ResourceKey[minecraft:worldgen/placed_feature / myceliummire:gigatree]
[09Jun2025 00:15:20.822] [Worker-Main-19/ERROR] [net.minecraft.Util/]: Detected setBlock in a far chunk [80, -2], pos: BlockPos{x=1294, y=60, z=-31}, status: minecraft:features, currently generating: ResourceKey[minecraft:worldgen/placed_feature / myceliummire:gigatree]
[09Jun2025 00:15:20.822] [Worker-Main-19/ERROR] [net.minecraft.Util/]: Detected setBlock in a far chunk [80, -1], pos: BlockPos{x=1294, y=60, z=-16}, status: minecraft:features, currently generating: ResourceKey[minecraft:worldgen/placed_feature / myceliummire:gigatree]
[09Jun2025 00:15:20.822] [Worker-Main-19/ERROR] [net.minecraft.Util/]: Detected setBlock in a far chunk [80, -2], pos: BlockPos{x=1293, y=60, z=-32}, status: minecraft:features, currently generating: ResourceKey[minecraft:worldgen/placed_feature / myceliummire:gigatree]
[09Jun2025 00:15:20.823] [Worker-Main-19/ERROR] [net.minecraft.Util/]: Detected setBlock in a far chunk [80, -1], pos: BlockPos{x=1293, y=60, z=-16}, status: minecraft:features, currently generating: ResourceKey[minecraft:worldgen/placed_feature / myceliummire:gigatree]
[09Jun2025 00:15:20.824] [Worker-Main-19/ERROR] [net.minecraft.Util/]: Detected setBlock in a far chunk [80, -2], pos: BlockPos{x=1295, y=61, z=-31}, status: minecraft:features, currently generating: ResourceKey[minecraft:worldgen/placed_feature / myceliummire:gigatree]
[09Jun2025 00:15:20.824] [Worker-Main-19/ERROR] [net.minecraft.Util/]: Detected setBlock in a far chunk [80, -2], pos: BlockPos{x=1295, y=61, z=-17}, status: minecraft:features, currently generating: ResourceKey[minecraft:worldgen/placed_feature / myceliummire:gigatree]
[09Jun2025 00:15:20.824] [Worker-Main-19/ERROR] [net.minecraft.Util/]: Detected setBlock in a far chunk [80, -1], pos: BlockPos{x=1295, y=61, z=-16}, status: minecraft:features, currently generating: ResourceKey[minecraft:worldgen/placed_feature / myceliummire:gigatree]
[09Jun2025 00:15:20.824] [Worker-Main-19/ERROR] [net.minecraft.Util/]: Detected setBlock in a far chunk [80, -1], pos: BlockPos{x=1294, y=61, z=-16}, status: minecraft:features, currently generating: ResourceKey[minecraft:worldgen/placed_feature / myceliummire:gigatree]
[09Jun2025 00:15:20.824] [Worker-Main-19/ERROR] [net.minecraft.Util/]: Detected setBlock in a far chunk [80, -2], pos: BlockPos{x=1295, y=62, z=-31}, status: minecraft:features, currently generating: ResourceKey[minecraft:worldgen/placed_feature / myceliummire:gigatree]
[09Jun2025 00:15:20.824] [Worker-Main-19/ERROR] [net.minecraft.Util/]: Detected setBlock in a far chunk [80, -2], pos: BlockPos{x=1295, y=62, z=-17}, status: minecraft:features, currently generating: ResourceKey[minecraft:worldgen/placed_feature / myceliummire:gigatree]
[09Jun2025 00:15:20.825] [Worker-Main-19/ERROR] [net.minecraft.Util/]: Detected setBlock in a far chunk [80, -1], pos: BlockPos{x=1295, y=62, z=-16}, status: minecraft:features, currently generating: ResourceKey[minecraft:worldgen/placed_feature / myceliummire:gigatree]
[09Jun2025 00:15:20.825] [Worker-Main-19/ERROR] [net.minecraft.Util/]: Detected setBlock in a far chunk [80, -2], pos: BlockPos{x=1295, y=63, z=-17}, status: minecraft:features, currently generating: ResourceKey[minecraft:worldgen/placed_feature / myceliummire:gigatree]
[09Jun2025 00:15:28.505] [Server thread/INFO] [net.minecraft.world.entity.npc.Villager/]: Villager Villager['Unemployed'/20162, l='ServerLevel[world]', x=1255.24, y=73.25, z=70.23] died, message: 'Unemployed was struck with lightning by Lightning Dragon'
[09Jun2025 00:15:31.949] [Worker-Main-17/ERROR] [net.minecraft.Util/]: Detected setBlock in a far chunk [82, -8], pos: BlockPos{x=1327, y=109, z=-115}, status: minecraft:features, currently generating: ResourceKey[minecraft:worldgen/placed_feature / myceliummire:gigatree]
[09Jun2025 00:15:31.950] [Worker-Main-17/ERROR] [net.minecraft.Util/]: Detected setBlock in a far chunk [82, -8], pos: BlockPos{x=1327, y=109, z=-114}, status: minecraft:features, currently generating: ResourceKey[minecraft:worldgen/placed_feature / myceliummire:gigatree]
[09Jun2025 00:15:31.950] [Worker-Main-17/ERROR] [net.minecraft.Util/]: Detected setBlock in a far chunk [82, -8], pos: BlockPos{x=1326, y=109, z=-114}, status: minecraft:features, currently generating: ResourceKey[minecraft:worldgen/placed_feature / myceliummire:gigatree]
[09Jun2025 00:15:31.950] [Worker-Main-17/ERROR] [net.minecraft.Util/]: Detected setBlock in a far chunk [82, -7], pos: BlockPos{x=1326, y=109, z=-99}, status: minecraft:features, currently generating: ResourceKey[minecraft:worldgen/placed_feature / myceliummire:gigatree]
[09Jun2025 00:15:31.950] [Worker-Main-17/ERROR] [net.minecraft.Util/]: Detected setBlock in a far chunk [82, -8], pos: BlockPos{x=1325, y=109, z=-115}, status: minecraft:features, currently generating: ResourceKey[minecraft:worldgen/placed_feature / myceliummire:gigatree]
[09Jun2025 00:15:31.950] [Worker-Main-17/ERROR] [net.minecraft.Util/]: Detected setBlock in a far chunk [82, -7], pos: BlockPos{x=1325, y=109, z=-99}, status: minecraft:features, currently generating: ResourceKey[minecraft:worldgen/placed_feature / myceliummire:gigatree]
[09Jun2025 00:15:31.950] [Worker-Main-17/ERROR] [net.minecraft.Util/]: Detected setBlock in a far chunk [82, -8], pos: BlockPos{x=1327, y=110, z=-114}, status: minecraft:features, currently generating: ResourceKey[minecraft:worldgen/placed_feature / myceliummire:gigatree]
[09Jun2025 00:15:31.950] [Worker-Main-17/ERROR] [net.minecraft.Util/]: Detected setBlock in a far chunk [82, -7], pos: BlockPos{x=1327, y=110, z=-100}, status: minecraft:features, currently generating: ResourceKey[minecraft:worldgen/placed_feature / myceliummire:gigatree]
[09Jun2025 00:15:31.951] [Worker-Main-17/ERROR] [net.minecraft.Util/]: Detected setBlock in a far chunk [82, -7], pos: BlockPos{x=1327, y=110, z=-99}, status: minecraft:features, currently generating: ResourceKey[minecraft:worldgen/placed_feature / myceliummire:gigatree]
[09Jun2025 00:15:31.951] [Worker-Main-17/ERROR] [net.minecraft.Util/]: Detected setBlock in a far chunk [82, -7], pos: BlockPos{x=1326, y=110, z=-99}, status: minecraft:features, currently generating: ResourceKey[minecraft:worldgen/placed_feature / myceliummire:gigatree]
[09Jun2025 00:15:31.951] [Worker-Main-17/ERROR] [net.minecraft.Util/]: Detected setBlock in a far chunk [82, -8], pos: BlockPos{x=1327, y=111, z=-114}, status: minecraft:features, currently generating: ResourceKey[minecraft:worldgen/placed_feature / myceliummire:gigatree]
[09Jun2025 00:15:31.951] [Worker-Main-17/ERROR] [net.minecraft.Util/]: Detected setBlock in a far chunk [82, -7], pos: BlockPos{x=1327, y=111, z=-100}, status: minecraft:features, currently generating: ResourceKey[minecraft:worldgen/placed_feature / myceliummire:gigatree]
[09Jun2025 00:15:31.951] [Worker-Main-17/ERROR] [net.minecraft.Util/]: Detected setBlock in a far chunk [82, -7], pos: BlockPos{x=1327, y=111, z=-99}, status: minecraft:features, currently generating: ResourceKey[minecraft:worldgen/placed_feature / myceliummire:gigatree]
[09Jun2025 00:15:31.952] [Worker-Main-17/ERROR] [net.minecraft.Util/]: Detected setBlock in a far chunk [82, -7], pos: BlockPos{x=1327, y=112, z=-100}, status: minecraft:features, currently generating: ResourceKey[minecraft:worldgen/placed_feature / myceliummire:gigatree]
[09Jun2025 00:15:32.381] [Worker-Main-18/ERROR] [net.minecraft.Util/]: Detected setBlock in a far chunk [86, 9], pos: BlockPos{x=1376, y=78, z=147}, status: minecraft:features, currently generating: ResourceKey[minecraft:worldgen/placed_feature / myceliummire:gigatree]
[09Jun2025 00:15:32.381] [Worker-Main-18/ERROR] [net.minecraft.Util/]: Detected setBlock in a far chunk [86, 9], pos: BlockPos{x=1376, y=78, z=146}, status: minecraft:features, currently generating: ResourceKey[minecraft:worldgen/placed_feature / myceliummire:gigatree]
[09Jun2025 00:15:32.381] [Worker-Main-18/ERROR] [net.minecraft.Util/]: Detected setBlock in a far chunk [86, 9], pos: BlockPos{x=1377, y=78, z=146}, status: minecraft:features, currently generating: ResourceKey[minecraft:worldgen/placed_feature / myceliummire:gigatree]
[09Jun2025 00:15:32.381] [Worker-Main-18/ERROR] [net.minecraft.Util/]: Detected setBlock in a far chunk [86, 8], pos: BlockPos{x=1377, y=78, z=131}, status: minecraft:features, currently generating: ResourceKey[minecraft:worldgen/placed_feature / myceliummire:gigatree]
[09Jun2025 00:15:32.381] [Worker-Main-18/ERROR] [net.minecraft.Util/]: Detected setBlock in a far chunk [86, 9], pos: BlockPos{x=1378, y=78, z=147}, status: minecraft:features, currently generating: ResourceKey[minecraft:worldgen/placed_feature / myceliummire:gigatree]
[09Jun2025 00:15:32.382] [Worker-Main-18/ERROR] [net.minecraft.Util/]: Detected setBlock in a far chunk [86, 8], pos: BlockPos{x=1378, y=78, z=131}, status: minecraft:features, currently generating: ResourceKey[minecraft:worldgen/placed_feature / myceliummire:gigatree]
[09Jun2025 00:15:32.382] [Worker-Main-18/ERROR] [net.minecraft.Util/]: Detected setBlock in a far chunk [86, 9], pos: BlockPos{x=1376, y=79, z=146}, status: minecraft:features, currently generating: ResourceKey[minecraft:worldgen/placed_feature / myceliummire:gigatree]
[09Jun2025 00:15:32.382] [Worker-Main-18/ERROR] [net.minecraft.Util/]: Detected setBlock in a far chunk [86, 8], pos: BlockPos{x=1376, y=79, z=132}, status: minecraft:features, currently generating: ResourceKey[minecraft:worldgen/placed_feature / myceliummire:gigatree]
[09Jun2025 00:15:32.382] [Worker-Main-18/ERROR] [net.minecraft.Util/]: Detected setBlock in a far chunk [86, 8], pos: BlockPos{x=1376, y=79, z=131}, status: minecraft:features, currently generating: ResourceKey[minecraft:worldgen/placed_feature / myceliummire:gigatree]
[09Jun2025 00:15:32.382] [Worker-Main-18/ERROR] [net.minecraft.Util/]: Detected setBlock in a far chunk [86, 8], pos: BlockPos{x=1377, y=79, z=131}, status: minecraft:features, currently generating: ResourceKey[minecraft:worldgen/placed_feature / myceliummire:gigatree]
[09Jun2025 00:15:32.382] [Worker-Main-18/ERROR] [net.minecraft.Util/]: Detected setBlock in a far chunk [86, 9], pos: BlockPos{x=1376, y=80, z=146}, status: minecraft:features, currently generating: ResourceKey[minecraft:worldgen/placed_feature / myceliummire:gigatree]
[09Jun2025 00:15:32.383] [Worker-Main-18/ERROR] [net.minecraft.Util/]: Detected setBlock in a far chunk [86, 8], pos: BlockPos{x=1376, y=80, z=132}, status: minecraft:features, currently generating: ResourceKey[minecraft:worldgen/placed_feature / myceliummire:gigatree]
[09Jun2025 00:15:32.383] [Worker-Main-18/ERROR] [net.minecraft.Util/]: Detected setBlock in a far chunk [86, 8], pos: BlockPos{x=1376, y=80, z=131}, status: minecraft:features, currently generating: ResourceKey[minecraft:worldgen/placed_feature / myceliummire:gigatree]
[09Jun2025 00:15:32.383] [Worker-Main-18/ERROR] [net.minecraft.Util/]: Detected setBlock in a far chunk [86, 8], pos: BlockPos{x=1376, y=81, z=132}, status: minecraft:features, currently generating: ResourceKey[minecraft:worldgen/placed_feature / myceliummire:gigatree]
[09Jun2025 00:15:32.411] [Worker-Main-59/ERROR] [net.minecraft.Util/]: Detected setBlock in a far chunk [82, 10], pos: BlockPos{x=1327, y=81, z=164}, status: minecraft:features, currently generating: ResourceKey[minecraft:worldgen/placed_feature / myceliummire:mycwangs]
[09Jun2025 00:15:32.411] [Worker-Main-59/ERROR] [net.minecraft.Util/]: Detected setBlock in a far chunk [82, 9], pos: BlockPos{x=1327, y=81, z=148}, status: minecraft:features, currently generating: ResourceKey[minecraft:worldgen/placed_feature / myceliummire:mycwangs]
[09Jun2025 00:15:32.415] [Worker-Main-59/WARN] [net.minecraft.world.entity.EntityType/]: Skipping Entity with id cursedmodtwo:mushroom_trader
[09Jun2025 00:15:32.415] [Worker-Main-59/WARN] [net.minecraft.world.entity.EntityType/]: Skipping Entity with id cursedmodtwo:mushroom_trader
[09Jun2025 00:15:32.415] [Worker-Main-59/WARN] [net.minecraft.world.entity.EntityType/]: Skipping Entity with id cursedmodtwo:mushroom_trader
[09Jun2025 00:15:32.415] [Worker-Main-59/WARN] [net.minecraft.world.entity.EntityType/]: Skipping Entity with id cursedmodtwo:mushroom_trader
[09Jun2025 00:15:32.415] [Worker-Main-59/WARN] [net.minecraft.world.entity.EntityType/]: Skipping Entity with id cursedmodtwo:mushroom_trader
[09Jun2025 00:15:32.416] [Worker-Main-59/WARN] [net.minecraft.world.entity.EntityType/]: Skipping Entity with id cursedmodtwo:mushroom_trader
[09Jun2025 00:15:32.416] [Worker-Main-59/WARN] [net.minecraft.world.entity.EntityType/]: Skipping Entity with id cursedmodtwo:mushroom_trader
[09Jun2025 00:15:32.416] [Worker-Main-59/WARN] [net.minecraft.world.entity.EntityType/]: Skipping Entity with id cursedmodtwo:mushroom_trader
[09Jun2025 00:15:32.416] [Worker-Main-59/WARN] [net.minecraft.world.entity.EntityType/]: Skipping Entity with id cursedmodtwo:mushroom_trader
[09Jun2025 00:15:55.612] [Worker-Main-19/WARN] [net.minecraft.world.entity.EntityType/]: Skipping Entity with id cursedmodtwo:mushroom_trader
[09Jun2025 00:15:55.613] [Worker-Main-19/WARN] [net.minecraft.world.entity.EntityType/]: Skipping Entity with id cursedmodtwo:mushroom_trader
[09Jun2025 00:15:55.686] [Worker-Main-17/WARN] [net.minecraft.world.entity.EntityType/]: Skipping Entity with id cursedmodtwo:mushroom_trader
[09Jun2025 00:15:55.686] [Worker-Main-17/WARN] [net.minecraft.world.entity.EntityType/]: Skipping Entity with id cursedmodtwo:mushroom_trader
[09Jun2025 00:15:55.687] [Worker-Main-17/WARN] [net.minecraft.world.entity.EntityType/]: Skipping Entity with id cursedmodtwo:mushroom_trader
[09Jun2025 00:15:55.687] [Worker-Main-17/WARN] [net.minecraft.world.entity.EntityType/]: Skipping Entity with id cursedmodtwo:mushroom_trader
[09Jun2025 00:15:55.687] [Worker-Main-17/WARN] [net.minecraft.world.entity.EntityType/]: Skipping Entity with id cursedmodtwo:mushroom_trader
[09Jun2025 00:15:55.688] [Worker-Main-17/WARN] [net.minecraft.world.entity.EntityType/]: Skipping Entity with id cursedmodtwo:mushroom_trader
[09Jun2025 00:15:55.688] [Worker-Main-17/WARN] [net.minecraft.world.entity.EntityType/]: Skipping Entity with id cursedmodtwo:mushroom_trader
[09Jun2025 00:15:55.688] [Worker-Main-17/WARN] [net.minecraft.world.entity.EntityType/]: Skipping Entity with id cursedmodtwo:mushroom_trader
[09Jun2025 00:15:55.688] [Worker-Main-17/WARN] [net.minecraft.world.entity.EntityType/]: Skipping Entity with id cursedmodtwo:mushroom_trader
[09Jun2025 00:15:56.289] [Worker-Main-59/ERROR] [net.minecraft.Util/]: Detected setBlock in a far chunk [85, 11], pos: BlockPos{x=1367, y=80, z=176}, status: minecraft:features, currently generating: ResourceKey[minecraft:worldgen/placed_feature / myceliummire:gigatree]
[09Jun2025 00:15:56.290] [Worker-Main-59/ERROR] [net.minecraft.Util/]: Detected setBlock in a far chunk [86, 11], pos: BlockPos{x=1382, y=80, z=176}, status: minecraft:features, currently generating: ResourceKey[minecraft:worldgen/placed_feature / myceliummire:gigatree]
[09Jun2025 00:15:56.290] [Worker-Main-59/ERROR] [net.minecraft.Util/]: Detected setBlock in a far chunk [85, 11], pos: BlockPos{x=1366, y=80, z=177}, status: minecraft:features, currently generating: ResourceKey[minecraft:worldgen/placed_feature / myceliummire:gigatree]
[09Jun2025 00:15:56.290] [Worker-Main-59/ERROR] [net.minecraft.Util/]: Detected setBlock in a far chunk [86, 11], pos: BlockPos{x=1382, y=80, z=177}, status: minecraft:features, currently generating: ResourceKey[minecraft:worldgen/placed_feature / myceliummire:gigatree]
[09Jun2025 00:15:56.291] [Worker-Main-59/ERROR] [net.minecraft.Util/]: Detected setBlock in a far chunk [86, 11], pos: BlockPos{x=1382, y=81, z=176}, status: minecraft:features, currently generating: ResourceKey[minecraft:worldgen/placed_feature / myceliummire:gigatree]
[09Jun2025 00:15:58.693] [Worker-Main-59/ERROR] [net.minecraft.Util/]: Detected setBlock in a far chunk [88, -5], pos: BlockPos{x=1408, y=101, z=-67}, status: minecraft:features, currently generating: ResourceKey[minecraft:worldgen/placed_feature / myceliummire:gigatree]
[09Jun2025 00:15:58.693] [Worker-Main-59/ERROR] [net.minecraft.Util/]: Detected setBlock in a far chunk [88, -4], pos: BlockPos{x=1408, y=101, z=-51}, status: minecraft:features, currently generating: ResourceKey[minecraft:worldgen/placed_feature / myceliummire:gigatree]
[09Jun2025 00:16:10.642] [Worker-Main-19/WARN] [net.minecraft.world.entity.EntityType/]: Skipping Entity with id cursedmodtwo:mushroom_trader
[09Jun2025 00:16:10.643] [Worker-Main-19/WARN] [net.minecraft.world.entity.EntityType/]: Skipping Entity with id cursedmodtwo:mushroom_trader
[09Jun2025 00:16:10.691] [Worker-Main-19/WARN] [net.minecraft.world.entity.EntityType/]: Skipping Entity with id cursedmodtwo:mushroom_trader
[09Jun2025 00:16:15.670] [Worker-Main-19/ERROR] [net.minecraft.Util/]: Detected setBlock in a far chunk [90, -11], pos: BlockPos{x=1440, y=62, z=-174}, status: minecraft:features, currently generating: ResourceKey[minecraft:worldgen/placed_feature / myceliummire:gigatree]
[09Jun2025 00:16:15.671] [Worker-Main-19/ERROR] [net.minecraft.Util/]: Detected setBlock in a far chunk [90, -11], pos: BlockPos{x=1440, y=62, z=-173}, status: minecraft:features, currently generating: ResourceKey[minecraft:worldgen/placed_feature / myceliummire:gigatree]
[09Jun2025 00:16:15.671] [Worker-Main-19/ERROR] [net.minecraft.Util/]: Detected setBlock in a far chunk [90, -11], pos: BlockPos{x=1441, y=62, z=-173}, status: minecraft:features, currently generating: ResourceKey[minecraft:worldgen/placed_feature / myceliummire:gigatree]
[09Jun2025 00:16:15.671] [Worker-Main-19/ERROR] [net.minecraft.Util/]: Detected setBlock in a far chunk [90, -10], pos: BlockPos{x=1441, y=62, z=-158}, status: minecraft:features, currently generating: ResourceKey[minecraft:worldgen/placed_feature / myceliummire:gigatree]
[09Jun2025 00:16:15.671] [Worker-Main-19/ERROR] [net.minecraft.Util/]: Detected setBlock in a far chunk [90, -11], pos: BlockPos{x=1442, y=62, z=-174}, status: minecraft:features, currently generating: ResourceKey[minecraft:worldgen/placed_feature / myceliummire:gigatree]
[09Jun2025 00:16:15.671] [Worker-Main-19/ERROR] [net.minecraft.Util/]: Detected setBlock in a far chunk [90, -10], pos: BlockPos{x=1442, y=62, z=-158}, status: minecraft:features, currently generating: ResourceKey[minecraft:worldgen/placed_feature / myceliummire:gigatree]
[09Jun2025 00:16:15.672] [Worker-Main-19/ERROR] [net.minecraft.Util/]: Detected setBlock in a far chunk [90, -11], pos: BlockPos{x=1440, y=63, z=-173}, status: minecraft:features, currently generating: ResourceKey[minecraft:worldgen/placed_feature / myceliummire:gigatree]
[09Jun2025 00:16:15.672] [Worker-Main-19/ERROR] [net.minecraft.Util/]: Detected setBlock in a far chunk [90, -10], pos: BlockPos{x=1440, y=63, z=-159}, status: minecraft:features, currently generating: ResourceKey[minecraft:worldgen/placed_feature / myceliummire:gigatree]
[09Jun2025 00:16:15.672] [Worker-Main-19/ERROR] [net.minecraft.Util/]: Detected setBlock in a far chunk [90, -10], pos: BlockPos{x=1440, y=63, z=-158}, status: minecraft:features, currently generating: ResourceKey[minecraft:worldgen/placed_feature / myceliummire:gigatree]
[09Jun2025 00:16:15.672] [Worker-Main-19/ERROR] [net.minecraft.Util/]: Detected setBlock in a far chunk [90, -10], pos: BlockPos{x=1441, y=63, z=-158}, status: minecraft:features, currently generating: ResourceKey[minecraft:worldgen/placed_feature / myceliummire:gigatree]
[09Jun2025 00:16:15.672] [Worker-Main-19/ERROR] [net.minecraft.Util/]: Detected setBlock in a far chunk [90, -11], pos: BlockPos{x=1440, y=64, z=-173}, status: minecraft:features, currently generating: ResourceKey[minecraft:worldgen/placed_feature / myceliummire:gigatree]
[09Jun2025 00:16:15.672] [Worker-Main-19/ERROR] [net.minecraft.Util/]: Detected setBlock in a far chunk [90, -10], pos: BlockPos{x=1440, y=64, z=-159}, status: minecraft:features, currently generating: ResourceKey[minecraft:worldgen/placed_feature / myceliummire:gigatree]
[09Jun2025 00:16:15.673] [Worker-Main-19/ERROR] [net.minecraft.Util/]: Detected setBlock in a far chunk [90, -10], pos: BlockPos{x=1440, y=64, z=-158}, status: minecraft:features, currently generating: ResourceKey[minecraft:worldgen/placed_feature / myceliummire:gigatree]
[09Jun2025 00:16:15.673] [Worker-Main-19/ERROR] [net.minecraft.Util/]: Detected setBlock in a far chunk [90, -10], pos: BlockPos{x=1440, y=65, z=-159}, status: minecraft:features, currently generating: ResourceKey[minecraft:worldgen/placed_feature / myceliummire:gigatree]
[09Jun2025 00:16:20.729] [Worker-Main-19/ERROR] [net.minecraft.Util/]: Detected setBlock in a far chunk [87, 7], pos: BlockPos{x=1407, y=61, z=121}, status: minecraft:features, currently generating: ResourceKey[minecraft:worldgen/placed_feature / myceliummire:gigatree]
[09Jun2025 00:16:20.729] [Worker-Main-19/ERROR] [net.minecraft.Util/]: Detected setBlock in a far chunk [87, 7], pos: BlockPos{x=1407, y=61, z=120}, status: minecraft:features, currently generating: ResourceKey[minecraft:worldgen/placed_feature / myceliummire:gigatree]
[09Jun2025 00:16:20.729] [Worker-Main-19/ERROR] [net.minecraft.Util/]: Detected setBlock in a far chunk [87, 7], pos: BlockPos{x=1406, y=61, z=120}, status: minecraft:features, currently generating: ResourceKey[minecraft:worldgen/placed_feature / myceliummire:gigatree]
[09Jun2025 00:16:20.729] [Worker-Main-19/ERROR] [net.minecraft.Util/]: Detected setBlock in a far chunk [87, 6], pos: BlockPos{x=1406, y=61, z=105}, status: minecraft:features, currently generating: ResourceKey[minecraft:worldgen/placed_feature / myceliummire:gigatree]
[09Jun2025 00:16:20.729] [Worker-Main-19/ERROR] [net.minecraft.Util/]: Detected setBlock in a far chunk [87, 7], pos: BlockPos{x=1405, y=61, z=121}, status: minecraft:features, currently generating: ResourceKey[minecraft:worldgen/placed_feature / myceliummire:gigatree]
[09Jun2025 00:16:20.730] [Worker-Main-19/ERROR] [net.minecraft.Util/]: Detected setBlock in a far chunk [87, 6], pos: BlockPos{x=1405, y=61, z=105}, status: minecraft:features, currently generating: ResourceKey[minecraft:worldgen/placed_feature / myceliummire:gigatree]
[09Jun2025 00:16:20.730] [Worker-Main-19/ERROR] [net.minecraft.Util/]: Detected setBlock in a far chunk [87, 7], pos: BlockPos{x=1407, y=62, z=120}, status: minecraft:features, currently generating: ResourceKey[minecraft:worldgen/placed_feature / myceliummire:gigatree]
[09Jun2025 00:16:20.730] [Worker-Main-19/ERROR] [net.minecraft.Util/]: Detected setBlock in a far chunk [87, 6], pos: BlockPos{x=1407, y=62, z=106}, status: minecraft:features, currently generating: ResourceKey[minecraft:worldgen/placed_feature / myceliummire:gigatree]
[09Jun2025 00:16:20.730] [Worker-Main-19/ERROR] [net.minecraft.Util/]: Detected setBlock in a far chunk [87, 6], pos: BlockPos{x=1407, y=62, z=105}, status: minecraft:features, currently generating: ResourceKey[minecraft:worldgen/placed_feature / myceliummire:gigatree]
[09Jun2025 00:16:20.730] [Worker-Main-19/ERROR] [net.minecraft.Util/]: Detected setBlock in a far chunk [87, 6], pos: BlockPos{x=1406, y=62, z=105}, status: minecraft:features, currently generating: ResourceKey[minecraft:worldgen/placed_feature / myceliummire:gigatree]
[09Jun2025 00:16:20.731] [Worker-Main-19/ERROR] [net.minecraft.Util/]: Detected setBlock in a far chunk [87, 7], pos: BlockPos{x=1407, y=63, z=120}, status: minecraft:features, currently generating: ResourceKey[minecraft:worldgen/placed_feature / myceliummire:gigatree]
[09Jun2025 00:16:20.731] [Worker-Main-19/ERROR] [net.minecraft.Util/]: Detected setBlock in a far chunk [87, 6], pos: BlockPos{x=1407, y=63, z=106}, status: minecraft:features, currently generating: ResourceKey[minecraft:worldgen/placed_feature / myceliummire:gigatree]
[09Jun2025 00:16:20.731] [Worker-Main-19/ERROR] [net.minecraft.Util/]: Detected setBlock in a far chunk [87, 6], pos: BlockPos{x=1407, y=63, z=105}, status: minecraft:features, currently generating: ResourceKey[minecraft:worldgen/placed_feature / myceliummire:gigatree]
[09Jun2025 00:16:20.731] [Worker-Main-19/ERROR] [net.minecraft.Util/]: Detected setBlock in a far chunk [87, 6], pos: BlockPos{x=1407, y=64, z=106}, status: minecraft:features, currently generating: ResourceKey[minecraft:worldgen/placed_feature / myceliummire:gigatree]
[09Jun2025 00:16:20.732] [Worker-Main-19/ERROR] [net.minecraft.Util/]: Detected setBlock in a far chunk [87, 6], pos: BlockPos{x=1407, y=64, z=107}, status: minecraft:features, currently generating: ResourceKey[minecraft:worldgen/placed_feature / myceliummire:gigatree]
[09Jun2025 00:16:58.130] [Worker-Main-59/WARN] [net.minecraft.world.entity.EntityType/]: Skipping Entity with id cursedmodtwo:mushroom_trader
[09Jun2025 00:16:58.131] [Worker-Main-59/WARN] [net.minecraft.world.entity.EntityType/]: Skipping Entity with id cursedmodtwo:mushroom_trader
[09Jun2025 00:16:58.538] [Worker-Main-17/WARN] [net.minecraft.world.entity.EntityType/]: Skipping Entity with id cursedmodtwo:mushroom_trader
[09Jun2025 00:16:58.538] [Worker-Main-17/WARN] [net.minecraft.world.entity.EntityType/]: Skipping Entity with id cursedmodtwo:mushroom_trader
[09Jun2025 00:16:58.538] [Worker-Main-17/WARN] [net.minecraft.world.entity.EntityType/]: Skipping Entity with id cursedmodtwo:mushroom_trader
[09Jun2025 00:16:58.538] [Worker-Main-17/WARN] [net.minecraft.world.entity.EntityType/]: Skipping Entity with id cursedmodtwo:mushroom_trader
[09Jun2025 00:16:58.538] [Worker-Main-17/WARN] [net.minecraft.world.entity.EntityType/]: Skipping Entity with id cursedmodtwo:mushroom_trader
[09Jun2025 00:16:58.539] [Worker-Main-17/WARN] [net.minecraft.world.entity.EntityType/]: Skipping Entity with id cursedmodtwo:mushroom_trader
[09Jun2025 00:16:58.539] [Worker-Main-17/WARN] [net.minecraft.world.entity.EntityType/]: Skipping Entity with id cursedmodtwo:mushroom_trader
[09Jun2025 00:16:58.539] [Worker-Main-17/WARN] [net.minecraft.world.entity.EntityType/]: Skipping Entity with id cursedmodtwo:mushroom_trader
[09Jun2025 00:16:58.539] [Worker-Main-17/WARN] [net.minecraft.world.entity.EntityType/]: Skipping Entity with id cursedmodtwo:mushroom_trader
[09Jun2025 00:17:00.057] [Worker-Main-18/ERROR] [net.minecraft.Util/]: Detected setBlock in a far chunk [91, -6], pos: BlockPos{x=1459, y=88, z=-96}, status: minecraft:features, currently generating: ResourceKey[minecraft:worldgen/placed_feature / myceliummire:gigatree]
[09Jun2025 00:17:00.058] [Worker-Main-18/ERROR] [net.minecraft.Util/]: Detected setBlock in a far chunk [90, -6], pos: BlockPos{x=1443, y=88, z=-96}, status: minecraft:features, currently generating: ResourceKey[minecraft:worldgen/placed_feature / myceliummire:gigatree]
[09Jun2025 00:17:00.270] [Worker-Main-19/WARN] [net.minecraft.world.entity.EntityType/]: Skipping Entity with id cursedmodtwo:mushroom_trader
[09Jun2025 00:17:00.271] [Worker-Main-19/WARN] [net.minecraft.world.entity.EntityType/]: Skipping Entity with id cursedmodtwo:mushroom_trader
[09Jun2025 00:17:00.271] [Worker-Main-19/WARN] [net.minecraft.world.entity.EntityType/]: Skipping Entity with id cursedmodtwo:mushroom_trader
[09Jun2025 00:17:00.271] [Worker-Main-19/WARN] [net.minecraft.world.entity.EntityType/]: Skipping Entity with id cursedmodtwo:mushroom_trader
[09Jun2025 00:17:00.271] [Worker-Main-19/WARN] [net.minecraft.world.entity.EntityType/]: Skipping Entity with id cursedmodtwo:mushroom_trader
[09Jun2025 00:17:00.271] [Worker-Main-19/WARN] [net.minecraft.world.entity.EntityType/]: Skipping Entity with id cursedmodtwo:mushroom_trader
[09Jun2025 00:17:00.271] [Worker-Main-19/WARN] [net.minecraft.world.entity.EntityType/]: Skipping Entity with id cursedmodtwo:mushroom_trader
[09Jun2025 00:17:00.271] [Worker-Main-19/WARN] [net.minecraft.world.entity.EntityType/]: Skipping Entity with id cursedmodtwo:mushroom_trader
[09Jun2025 00:17:00.272] [Worker-Main-19/WARN] [net.minecraft.world.entity.EntityType/]: Skipping Entity with id cursedmodtwo:mushroom_trader
[09Jun2025 00:17:05.067] [Worker-Main-18/ERROR] [net.minecraft.Util/]: Detected setBlock in a far chunk [90, -1], pos: BlockPos{x=1455, y=67, z=-13}, status: minecraft:features, currently generating: ResourceKey[minecraft:worldgen/placed_feature / myceliummire:gigatree]
[09Jun2025 00:17:05.067] [Worker-Main-18/ERROR] [net.minecraft.Util/]: Detected setBlock in a far chunk [90, -2], pos: BlockPos{x=1455, y=67, z=-29}, status: minecraft:features, currently generating: ResourceKey[minecraft:worldgen/placed_feature / myceliummire:gigatree]
[09Jun2025 00:17:05.374] [Worker-Main-59/ERROR] [net.minecraft.Util/]: Detected setBlock in a far chunk [90, 6], pos: BlockPos{x=1455, y=49, z=103}, status: minecraft:features, currently generating: ResourceKey[minecraft:worldgen/placed_feature / myceliummire:gigatree]
[09Jun2025 00:17:05.374] [Worker-Main-59/ERROR] [net.minecraft.Util/]: Detected setBlock in a far chunk [90, 7], pos: BlockPos{x=1455, y=49, z=118}, status: minecraft:features, currently generating: ResourceKey[minecraft:worldgen/placed_feature / myceliummire:gigatree]
[09Jun2025 00:17:05.374] [Worker-Main-59/ERROR] [net.minecraft.Util/]: Detected setBlock in a far chunk [90, 6], pos: BlockPos{x=1454, y=49, z=102}, status: minecraft:features, currently generating: ResourceKey[minecraft:worldgen/placed_feature / myceliummire:gigatree]
[09Jun2025 00:17:05.375] [Worker-Main-59/ERROR] [net.minecraft.Util/]: Detected setBlock in a far chunk [90, 7], pos: BlockPos{x=1454, y=49, z=118}, status: minecraft:features, currently generating: ResourceKey[minecraft:worldgen/placed_feature / myceliummire:gigatree]
[09Jun2025 00:17:05.375] [Worker-Main-59/ERROR] [net.minecraft.Util/]: Detected setBlock in a far chunk [90, 7], pos: BlockPos{x=1455, y=50, z=118}, status: minecraft:features, currently generating: ResourceKey[minecraft:worldgen/placed_feature / myceliummire:gigatree]
[09Jun2025 00:17:08.648] [Worker-Main-59/WARN] [net.minecraft.world.entity.EntityType/]: Skipping Entity with id cursedmodtwo:mushroom_trader
[09Jun2025 00:17:08.649] [Worker-Main-59/WARN] [net.minecraft.world.entity.EntityType/]: Skipping Entity with id cursedmodtwo:mushroom_trader
[09Jun2025 00:17:08.703] [Worker-Main-59/ERROR] [net.minecraft.Util/]: Detected setBlock in a far chunk [90, 17], pos: BlockPos{x=1455, y=64, z=272}, status: minecraft:features, currently generating: ResourceKey[minecraft:worldgen/placed_feature / myceliummire:gigatree]
[09Jun2025 00:17:08.703] [Worker-Main-59/ERROR] [net.minecraft.Util/]: Detected setBlock in a far chunk [90, 17], pos: BlockPos{x=1454, y=64, z=272}, status: minecraft:features, currently generating: ResourceKey[minecraft:worldgen/placed_feature / myceliummire:gigatree]
[09Jun2025 00:17:08.703] [Worker-Main-59/ERROR] [net.minecraft.Util/]: Detected setBlock in a far chunk [90, 17], pos: BlockPos{x=1454, y=64, z=273}, status: minecraft:features, currently generating: ResourceKey[minecraft:worldgen/placed_feature / myceliummire:gigatree]
[09Jun2025 00:17:08.704] [Worker-Main-59/ERROR] [net.minecraft.Util/]: Detected setBlock in a far chunk [89, 17], pos: BlockPos{x=1439, y=64, z=273}, status: minecraft:features, currently generating: ResourceKey[minecraft:worldgen/placed_feature / myceliummire:gigatree]
[09Jun2025 00:17:08.704] [Worker-Main-59/ERROR] [net.minecraft.Util/]: Detected setBlock in a far chunk [90, 17], pos: BlockPos{x=1455, y=64, z=274}, status: minecraft:features, currently generating: ResourceKey[minecraft:worldgen/placed_feature / myceliummire:gigatree]
[09Jun2025 00:17:08.704] [Worker-Main-59/ERROR] [net.minecraft.Util/]: Detected setBlock in a far chunk [89, 17], pos: BlockPos{x=1439, y=64, z=274}, status: minecraft:features, currently generating: ResourceKey[minecraft:worldgen/placed_feature / myceliummire:gigatree]
[09Jun2025 00:17:08.704] [Worker-Main-59/ERROR] [net.minecraft.Util/]: Detected setBlock in a far chunk [90, 17], pos: BlockPos{x=1454, y=65, z=272}, status: minecraft:features, currently generating: ResourceKey[minecraft:worldgen/placed_feature / myceliummire:gigatree]
[09Jun2025 00:17:08.704] [Worker-Main-59/ERROR] [net.minecraft.Util/]: Detected setBlock in a far chunk [90, 17], pos: BlockPos{x=1440, y=65, z=272}, status: minecraft:features, currently generating: ResourceKey[minecraft:worldgen/placed_feature / myceliummire:gigatree]
[09Jun2025 00:17:08.704] [Worker-Main-59/ERROR] [net.minecraft.Util/]: Detected setBlock in a far chunk [89, 17], pos: BlockPos{x=1439, y=65, z=272}, status: minecraft:features, currently generating: ResourceKey[minecraft:worldgen/placed_feature / myceliummire:gigatree]
[09Jun2025 00:17:08.704] [Worker-Main-59/ERROR] [net.minecraft.Util/]: Detected setBlock in a far chunk [89, 17], pos: BlockPos{x=1439, y=65, z=273}, status: minecraft:features, currently generating: ResourceKey[minecraft:worldgen/placed_feature / myceliummire:gigatree]
[09Jun2025 00:17:08.705] [Worker-Main-59/ERROR] [net.minecraft.Util/]: Detected setBlock in a far chunk [90, 17], pos: BlockPos{x=1454, y=66, z=272}, status: minecraft:features, currently generating: ResourceKey[minecraft:worldgen/placed_feature / myceliummire:gigatree]
[09Jun2025 00:17:08.705] [Worker-Main-59/ERROR] [net.minecraft.Util/]: Detected setBlock in a far chunk [90, 17], pos: BlockPos{x=1440, y=66, z=272}, status: minecraft:features, currently generating: ResourceKey[minecraft:worldgen/placed_feature / myceliummire:gigatree]
[09Jun2025 00:17:08.705] [Worker-Main-59/ERROR] [net.minecraft.Util/]: Detected setBlock in a far chunk [89, 17], pos: BlockPos{x=1439, y=66, z=272}, status: minecraft:features, currently generating: ResourceKey[minecraft:worldgen/placed_feature / myceliummire:gigatree]
[09Jun2025 00:17:08.705] [Worker-Main-59/ERROR] [net.minecraft.Util/]: Detected setBlock in a far chunk [90, 17], pos: BlockPos{x=1440, y=67, z=272}, status: minecraft:features, currently generating: ResourceKey[minecraft:worldgen/placed_feature / myceliummire:gigatree]
[09Jun2025 00:17:32.648] [Worker-Main-18/ERROR] [net.minecraft.Util/]: Detected setBlock in a far chunk [95, 2], pos: BlockPos{x=1520, y=58, z=42}, status: minecraft:features, currently generating: ResourceKey[minecraft:worldgen/placed_feature / myceliummire:gigatree]
[09Jun2025 00:17:32.649] [Worker-Main-18/ERROR] [net.minecraft.Util/]: Detected setBlock in a far chunk [95, 3], pos: BlockPos{x=1520, y=58, z=57}, status: minecraft:features, currently generating: ResourceKey[minecraft:worldgen/placed_feature / myceliummire:gigatree]
[09Jun2025 00:17:32.649] [Worker-Main-18/ERROR] [net.minecraft.Util/]: Detected setBlock in a far chunk [95, 2], pos: BlockPos{x=1521, y=58, z=41}, status: minecraft:features, currently generating: ResourceKey[minecraft:worldgen/placed_feature / myceliummire:gigatree]
[09Jun2025 00:17:32.649] [Worker-Main-18/ERROR] [net.minecraft.Util/]: Detected setBlock in a far chunk [95, 3], pos: BlockPos{x=1521, y=58, z=57}, status: minecraft:features, currently generating: ResourceKey[minecraft:worldgen/placed_feature / myceliummire:gigatree]
[09Jun2025 00:17:32.649] [Worker-Main-18/ERROR] [net.minecraft.Util/]: Detected setBlock in a far chunk [95, 3], pos: BlockPos{x=1520, y=59, z=57}, status: minecraft:features, currently generating: ResourceKey[minecraft:worldgen/placed_feature / myceliummire:gigatree]
[09Jun2025 00:17:32.651] [Worker-Main-18/ERROR] [net.minecraft.Util/]: Detected setBlock in a far chunk [93, 4], pos: BlockPos{x=1488, y=58, z=64}, status: minecraft:features, currently generating: ResourceKey[minecraft:worldgen/placed_feature / myceliummire:gigatree]
[09Jun2025 00:17:32.651] [Worker-Main-18/ERROR] [net.minecraft.Util/]: Detected setBlock in a far chunk [92, 4], pos: BlockPos{x=1487, y=58, z=64}, status: minecraft:features, currently generating: ResourceKey[minecraft:worldgen/placed_feature / myceliummire:gigatree]
[09Jun2025 00:17:32.652] [Worker-Main-18/ERROR] [net.minecraft.Util/]: Detected setBlock in a far chunk [92, 4], pos: BlockPos{x=1487, y=58, z=65}, status: minecraft:features, currently generating: ResourceKey[minecraft:worldgen/placed_feature / myceliummire:gigatree]
[09Jun2025 00:17:32.652] [Worker-Main-18/ERROR] [net.minecraft.Util/]: Detected setBlock in a far chunk [92, 4], pos: BlockPos{x=1472, y=58, z=65}, status: minecraft:features, currently generating: ResourceKey[minecraft:worldgen/placed_feature / myceliummire:gigatree]
[09Jun2025 00:17:32.652] [Worker-Main-18/ERROR] [net.minecraft.Util/]: Detected setBlock in a far chunk [93, 4], pos: BlockPos{x=1488, y=58, z=66}, status: minecraft:features, currently generating: ResourceKey[minecraft:worldgen/placed_feature / myceliummire:gigatree]
[09Jun2025 00:17:32.652] [Worker-Main-18/ERROR] [net.minecraft.Util/]: Detected setBlock in a far chunk [92, 4], pos: BlockPos{x=1472, y=58, z=66}, status: minecraft:features, currently generating: ResourceKey[minecraft:worldgen/placed_feature / myceliummire:gigatree]
[09Jun2025 00:17:32.652] [Worker-Main-18/ERROR] [net.minecraft.Util/]: Detected setBlock in a far chunk [92, 4], pos: BlockPos{x=1487, y=59, z=64}, status: minecraft:features, currently generating: ResourceKey[minecraft:worldgen/placed_feature / myceliummire:gigatree]
[09Jun2025 00:17:32.652] [Worker-Main-18/ERROR] [net.minecraft.Util/]: Detected setBlock in a far chunk [92, 4], pos: BlockPos{x=1473, y=59, z=64}, status: minecraft:features, currently generating: ResourceKey[minecraft:worldgen/placed_feature / myceliummire:gigatree]
[09Jun2025 00:17:32.652] [Worker-Main-18/ERROR] [net.minecraft.Util/]: Detected setBlock in a far chunk [92, 4], pos: BlockPos{x=1472, y=59, z=64}, status: minecraft:features, currently generating: ResourceKey[minecraft:worldgen/placed_feature / myceliummire:gigatree]
[09Jun2025 00:17:32.653] [Worker-Main-18/ERROR] [net.minecraft.Util/]: Detected setBlock in a far chunk [92, 4], pos: BlockPos{x=1472, y=59, z=65}, status: minecraft:features, currently generating: ResourceKey[minecraft:worldgen/placed_feature / myceliummire:gigatree]
[09Jun2025 00:17:32.653] [Worker-Main-18/ERROR] [net.minecraft.Util/]: Detected setBlock in a far chunk [92, 4], pos: BlockPos{x=1487, y=60, z=64}, status: minecraft:features, currently generating: ResourceKey[minecraft:worldgen/placed_feature / myceliummire:gigatree]
[09Jun2025 00:17:32.653] [Worker-Main-18/ERROR] [net.minecraft.Util/]: Detected setBlock in a far chunk [92, 4], pos: BlockPos{x=1473, y=60, z=64}, status: minecraft:features, currently generating: ResourceKey[minecraft:worldgen/placed_feature / myceliummire:gigatree]
[09Jun2025 00:17:32.653] [Worker-Main-18/ERROR] [net.minecraft.Util/]: Detected setBlock in a far chunk [92, 4], pos: BlockPos{x=1472, y=60, z=64}, status: minecraft:features, currently generating: ResourceKey[minecraft:worldgen/placed_feature / myceliummire:gigatree]
[09Jun2025 00:17:32.653] [Worker-Main-18/ERROR] [net.minecraft.Util/]: Detected setBlock in a far chunk [92, 4], pos: BlockPos{x=1473, y=61, z=64}, status: minecraft:features, currently generating: ResourceKey[minecraft:worldgen/placed_feature / myceliummire:gigatree]
[09Jun2025 00:17:32.735] [Worker-Main-59/WARN] [net.minecraft.world.entity.EntityType/]: Skipping Entity with id cursedmodtwo:mushroom_trader
[09Jun2025 00:17:32.737] [Worker-Main-59/WARN] [net.minecraft.world.entity.EntityType/]: Skipping Entity with id cursedmodtwo:mushroom_trader
[09Jun2025 00:17:35.308] [Worker-Main-17/WARN] [net.minecraft.world.entity.EntityType/]: Skipping Entity with id cursedmodtwo:mushroom_trader
[09Jun2025 00:17:35.948] [Worker-Main-17/WARN] [net.minecraft.world.entity.EntityType/]: Skipping Entity with id cursedmodtwo:mushroom_trader
[09Jun2025 00:17:35.949] [Worker-Main-17/WARN] [net.minecraft.world.entity.EntityType/]: Skipping Entity with id cursedmodtwo:mushroom_trader
[09Jun2025 00:17:36.171] [Worker-Main-17/WARN] [net.minecraft.world.entity.EntityType/]: Skipping Entity with id cursedmodtwo:mushroom_trader
[09Jun2025 00:17:37.083] [Worker-Main-59/ERROR] [net.minecraft.Util/]: Detected setBlock in a far chunk [94, 16], pos: BlockPos{x=1504, y=51, z=271}, status: minecraft:features, currently generating: ResourceKey[minecraft:worldgen/placed_feature / myceliummire:gigatree]
[09Jun2025 00:17:37.083] [Worker-Main-59/ERROR] [net.minecraft.Util/]: Detected setBlock in a far chunk [94, 17], pos: BlockPos{x=1504, y=51, z=272}, status: minecraft:features, currently generating: ResourceKey[minecraft:worldgen/placed_feature / myceliummire:gigatree]
[09Jun2025 00:17:37.083] [Worker-Main-59/ERROR] [net.minecraft.Util/]: Detected setBlock in a far chunk [94, 17], pos: BlockPos{x=1505, y=51, z=272}, status: minecraft:features, currently generating: ResourceKey[minecraft:worldgen/placed_feature / myceliummire:gigatree]
[09Jun2025 00:17:37.083] [Worker-Main-59/ERROR] [net.minecraft.Util/]: Detected setBlock in a far chunk [94, 17], pos: BlockPos{x=1505, y=51, z=287}, status: minecraft:features, currently generating: ResourceKey[minecraft:worldgen/placed_feature / myceliummire:gigatree]
[09Jun2025 00:17:37.083] [Worker-Main-59/ERROR] [net.minecraft.Util/]: Detected setBlock in a far chunk [94, 16], pos: BlockPos{x=1506, y=51, z=271}, status: minecraft:features, currently generating: ResourceKey[minecraft:worldgen/placed_feature / myceliummire:gigatree]
[09Jun2025 00:17:37.084] [Worker-Main-59/ERROR] [net.minecraft.Util/]: Detected setBlock in a far chunk [94, 17], pos: BlockPos{x=1506, y=51, z=287}, status: minecraft:features, currently generating: ResourceKey[minecraft:worldgen/placed_feature / myceliummire:gigatree]
[09Jun2025 00:17:37.084] [Worker-Main-59/ERROR] [net.minecraft.Util/]: Detected setBlock in a far chunk [94, 17], pos: BlockPos{x=1504, y=52, z=272}, status: minecraft:features, currently generating: ResourceKey[minecraft:worldgen/placed_feature / myceliummire:gigatree]
[09Jun2025 00:17:37.084] [Worker-Main-59/ERROR] [net.minecraft.Util/]: Detected setBlock in a far chunk [94, 17], pos: BlockPos{x=1504, y=52, z=286}, status: minecraft:features, currently generating: ResourceKey[minecraft:worldgen/placed_feature / myceliummire:gigatree]
[09Jun2025 00:17:37.084] [Worker-Main-59/ERROR] [net.minecraft.Util/]: Detected setBlock in a far chunk [94, 17], pos: BlockPos{x=1504, y=52, z=287}, status: minecraft:features, currently generating: ResourceKey[minecraft:worldgen/placed_feature / myceliummire:gigatree]
[09Jun2025 00:17:37.084] [Worker-Main-59/ERROR] [net.minecraft.Util/]: Detected setBlock in a far chunk [94, 17], pos: BlockPos{x=1505, y=52, z=287}, status: minecraft:features, currently generating: ResourceKey[minecraft:worldgen/placed_feature / myceliummire:gigatree]
[09Jun2025 00:17:37.084] [Worker-Main-59/ERROR] [net.minecraft.Util/]: Detected setBlock in a far chunk [94, 17], pos: BlockPos{x=1504, y=53, z=272}, status: minecraft:features, currently generating: ResourceKey[minecraft:worldgen/placed_feature / myceliummire:gigatree]
[09Jun2025 00:17:37.084] [Worker-Main-59/ERROR] [net.minecraft.Util/]: Detected setBlock in a far chunk [94, 17], pos: BlockPos{x=1504, y=53, z=286}, status: minecraft:features, currently generating: ResourceKey[minecraft:worldgen/placed_feature / myceliummire:gigatree]
[09Jun2025 00:17:37.084] [Worker-Main-59/ERROR] [net.minecraft.Util/]: Detected setBlock in a far chunk [94, 17], pos: BlockPos{x=1504, y=53, z=287}, status: minecraft:features, currently generating: ResourceKey[minecraft:worldgen/placed_feature / myceliummire:gigatree]
[09Jun2025 00:17:37.084] [Worker-Main-59/ERROR] [net.minecraft.Util/]: Detected setBlock in a far chunk [94, 17], pos: BlockPos{x=1504, y=54, z=286}, status: minecraft:features, currently generating: ResourceKey[minecraft:worldgen/placed_feature / myceliummire:gigatree]
[09Jun2025 00:17:39.459] [Worker-Main-17/WARN] [ModernFix/]: The namespace structory contains an outdated structure file, which can cause worldgen lag. Please view debug.log for the full filename, determine which mod provides the structure, and report to the mod/datapack author, including the debug log.
[09Jun2025 00:17:41.292] [Worker-Main-19/ERROR] [net.minecraft.Util/]: Detected setBlock in a far chunk [97, -10], pos: BlockPos{x=1552, y=59, z=-158}, status: minecraft:features, currently generating: ResourceKey[minecraft:worldgen/placed_feature / myceliummire:gigatree]
[09Jun2025 00:17:41.293] [Worker-Main-19/ERROR] [net.minecraft.Util/]: Detected setBlock in a far chunk [97, -10], pos: BlockPos{x=1552, y=59, z=-157}, status: minecraft:features, currently generating: ResourceKey[minecraft:worldgen/placed_feature / myceliummire:gigatree]
[09Jun2025 00:17:41.293] [Worker-Main-19/ERROR] [net.minecraft.Util/]: Detected setBlock in a far chunk [97, -10], pos: BlockPos{x=1553, y=59, z=-157}, status: minecraft:features, currently generating: ResourceKey[minecraft:worldgen/placed_feature / myceliummire:gigatree]
[09Jun2025 00:17:41.293] [Worker-Main-19/ERROR] [net.minecraft.Util/]: Detected setBlock in a far chunk [97, -9], pos: BlockPos{x=1553, y=59, z=-142}, status: minecraft:features, currently generating: ResourceKey[minecraft:worldgen/placed_feature / myceliummire:gigatree]
[09Jun2025 00:17:41.293] [Worker-Main-19/ERROR] [net.minecraft.Util/]: Detected setBlock in a far chunk [97, -10], pos: BlockPos{x=1554, y=59, z=-158}, status: minecraft:features, currently generating: ResourceKey[minecraft:worldgen/placed_feature / myceliummire:gigatree]
[09Jun2025 00:17:41.293] [Worker-Main-19/ERROR] [net.minecraft.Util/]: Detected setBlock in a far chunk [97, -9], pos: BlockPos{x=1554, y=59, z=-142}, status: minecraft:features, currently generating: ResourceKey[minecraft:worldgen/placed_feature / myceliummire:gigatree]
[09Jun2025 00:17:41.294] [Worker-Main-19/ERROR] [net.minecraft.Util/]: Detected setBlock in a far chunk [97, -10], pos: BlockPos{x=1552, y=60, z=-157}, status: minecraft:features, currently generating: ResourceKey[minecraft:worldgen/placed_feature / myceliummire:gigatree]
[09Jun2025 00:17:41.294] [Worker-Main-19/ERROR] [net.minecraft.Util/]: Detected setBlock in a far chunk [97, -9], pos: BlockPos{x=1552, y=60, z=-143}, status: minecraft:features, currently generating: ResourceKey[minecraft:worldgen/placed_feature / myceliummire:gigatree]
[09Jun2025 00:17:41.294] [Worker-Main-19/ERROR] [net.minecraft.Util/]: Detected setBlock in a far chunk [97, -9], pos: BlockPos{x=1552, y=60, z=-142}, status: minecraft:features, currently generating: ResourceKey[minecraft:worldgen/placed_feature / myceliummire:gigatree]
[09Jun2025 00:17:41.294] [Worker-Main-19/ERROR] [net.minecraft.Util/]: Detected setBlock in a far chunk [97, -9], pos: BlockPos{x=1553, y=60, z=-142}, status: minecraft:features, currently generating: ResourceKey[minecraft:worldgen/placed_feature / myceliummire:gigatree]
[09Jun2025 00:17:41.294] [Worker-Main-19/ERROR] [net.minecraft.Util/]: Detected setBlock in a far chunk [97, -10], pos: BlockPos{x=1552, y=61, z=-157}, status: minecraft:features, currently generating: ResourceKey[minecraft:worldgen/placed_feature / myceliummire:gigatree]
[09Jun2025 00:17:41.295] [Worker-Main-19/ERROR] [net.minecraft.Util/]: Detected setBlock in a far chunk [97, -9], pos: BlockPos{x=1552, y=61, z=-143}, status: minecraft:features, currently generating: ResourceKey[minecraft:worldgen/placed_feature / myceliummire:gigatree]
[09Jun2025 00:17:41.295] [Worker-Main-19/ERROR] [net.minecraft.Util/]: Detected setBlock in a far chunk [97, -9], pos: BlockPos{x=1552, y=61, z=-142}, status: minecraft:features, currently generating: ResourceKey[minecraft:worldgen/placed_feature / myceliummire:gigatree]
[09Jun2025 00:17:41.295] [Worker-Main-19/ERROR] [net.minecraft.Util/]: Detected setBlock in a far chunk [97, -9], pos: BlockPos{x=1552, y=62, z=-143}, status: minecraft:features, currently generating: ResourceKey[minecraft:worldgen/placed_feature / myceliummire:gigatree]
[09Jun2025 00:17:42.049] [Worker-Main-19/WARN] [net.minecraft.world.entity.EntityType/]: Skipping Entity with id cursedmodtwo:mushroom_trader
[09Jun2025 00:17:42.050] [Worker-Main-19/WARN] [net.minecraft.world.entity.EntityType/]: Skipping Entity with id cursedmodtwo:mushroom_trader
[09Jun2025 00:17:42.099] [Worker-Main-59/ERROR] [net.minecraft.Util/]: Detected setBlock in a far chunk [82, 17], pos: BlockPos{x=1327, y=69, z=286}, status: minecraft:features, currently generating: ResourceKey[minecraft:worldgen/placed_feature / myceliummire:gigatree]
[09Jun2025 00:17:42.100] [Worker-Main-59/ERROR] [net.minecraft.Util/]: Detected setBlock in a far chunk [82, 17], pos: BlockPos{x=1327, y=69, z=287}, status: minecraft:features, currently generating: ResourceKey[minecraft:worldgen/placed_feature / myceliummire:gigatree]
[09Jun2025 00:17:42.100] [Worker-Main-59/ERROR] [net.minecraft.Util/]: Detected setBlock in a far chunk [82, 17], pos: BlockPos{x=1326, y=69, z=287}, status: minecraft:features, currently generating: ResourceKey[minecraft:worldgen/placed_feature / myceliummire:gigatree]
[09Jun2025 00:17:42.100] [Worker-Main-59/ERROR] [net.minecraft.Util/]: Detected setBlock in a far chunk [82, 18], pos: BlockPos{x=1326, y=69, z=302}, status: minecraft:features, currently generating: ResourceKey[minecraft:worldgen/placed_feature / myceliummire:gigatree]
[09Jun2025 00:17:42.100] [Worker-Main-59/ERROR] [net.minecraft.Util/]: Detected setBlock in a far chunk [82, 17], pos: BlockPos{x=1325, y=69, z=286}, status: minecraft:features, currently generating: ResourceKey[minecraft:worldgen/placed_feature / myceliummire:gigatree]
[09Jun2025 00:17:42.100] [Worker-Main-59/ERROR] [net.minecraft.Util/]: Detected setBlock in a far chunk [82, 18], pos: BlockPos{x=1325, y=69, z=302}, status: minecraft:features, currently generating: ResourceKey[minecraft:worldgen/placed_feature / myceliummire:gigatree]
[09Jun2025 00:17:42.100] [Worker-Main-59/ERROR] [net.minecraft.Util/]: Detected setBlock in a far chunk [82, 17], pos: BlockPos{x=1327, y=70, z=287}, status: minecraft:features, currently generating: ResourceKey[minecraft:worldgen/placed_feature / myceliummire:gigatree]
[09Jun2025 00:17:42.101] [Worker-Main-59/ERROR] [net.minecraft.Util/]: Detected setBlock in a far chunk [82, 18], pos: BlockPos{x=1327, y=70, z=301}, status: minecraft:features, currently generating: ResourceKey[minecraft:worldgen/placed_feature / myceliummire:gigatree]
[09Jun2025 00:17:42.101] [Worker-Main-59/ERROR] [net.minecraft.Util/]: Detected setBlock in a far chunk [82, 18], pos: BlockPos{x=1327, y=70, z=302}, status: minecraft:features, currently generating: ResourceKey[minecraft:worldgen/placed_feature / myceliummire:gigatree]
[09Jun2025 00:17:42.101] [Worker-Main-59/ERROR] [net.minecraft.Util/]: Detected setBlock in a far chunk [82, 18], pos: BlockPos{x=1326, y=70, z=302}, status: minecraft:features, currently generating: ResourceKey[minecraft:worldgen/placed_feature / myceliummire:gigatree]
[09Jun2025 00:17:42.101] [Worker-Main-59/ERROR] [net.minecraft.Util/]: Detected setBlock in a far chunk [82, 17], pos: BlockPos{x=1327, y=71, z=287}, status: minecraft:features, currently generating: ResourceKey[minecraft:worldgen/placed_feature / myceliummire:gigatree]
[09Jun2025 00:17:42.101] [Worker-Main-59/ERROR] [net.minecraft.Util/]: Detected setBlock in a far chunk [82, 18], pos: BlockPos{x=1327, y=71, z=301}, status: minecraft:features, currently generating: ResourceKey[minecraft:worldgen/placed_feature / myceliummire:gigatree]
[09Jun2025 00:17:42.101] [Worker-Main-59/ERROR] [net.minecraft.Util/]: Detected setBlock in a far chunk [82, 18], pos: BlockPos{x=1327, y=71, z=302}, status: minecraft:features, currently generating: ResourceKey[minecraft:worldgen/placed_feature / myceliummire:gigatree]
[09Jun2025 00:17:42.101] [Worker-Main-59/ERROR] [net.minecraft.Util/]: Detected setBlock in a far chunk [82, 18], pos: BlockPos{x=1327, y=72, z=301}, status: minecraft:features, currently generating: ResourceKey[minecraft:worldgen/placed_feature / myceliummire:gigatree]
[09Jun2025 00:17:42.119] [Worker-Main-59/ERROR] [net.minecraft.Util/]: Detected setBlock in a far chunk [83, 19], pos: BlockPos{x=1328, y=51, z=304}, status: minecraft:features, currently generating: ResourceKey[minecraft:worldgen/placed_feature / myceliummire:gigatree]
[09Jun2025 00:17:42.119] [Worker-Main-59/ERROR] [net.minecraft.Util/]: Detected setBlock in a far chunk [83, 19], pos: BlockPos{x=1343, y=51, z=304}, status: minecraft:features, currently generating: ResourceKey[minecraft:worldgen/placed_feature / myceliummire:gigatree]
[09Jun2025 00:17:42.120] [Worker-Main-59/ERROR] [net.minecraft.Util/]: Detected setBlock in a far chunk [82, 19], pos: BlockPos{x=1327, y=51, z=305}, status: minecraft:features, currently generating: ResourceKey[minecraft:worldgen/placed_feature / myceliummire:gigatree]
[09Jun2025 00:17:42.120] [Worker-Main-59/ERROR] [net.minecraft.Util/]: Detected setBlock in a far chunk [83, 19], pos: BlockPos{x=1343, y=51, z=305}, status: minecraft:features, currently generating: ResourceKey[minecraft:worldgen/placed_feature / myceliummire:gigatree]
[09Jun2025 00:17:42.120] [Worker-Main-59/ERROR] [net.minecraft.Util/]: Detected setBlock in a far chunk [83, 19], pos: BlockPos{x=1343, y=52, z=304}, status: minecraft:features, currently generating: ResourceKey[minecraft:worldgen/placed_feature / myceliummire:gigatree]
[09Jun2025 00:17:42.130] [Worker-Main-59/ERROR] [net.minecraft.Util/]: Detected setBlock in a far chunk [81, 19], pos: BlockPos{x=1299, y=55, z=304}, status: minecraft:features, currently generating: ResourceKey[minecraft:worldgen/placed_feature / myceliummire:gigatree]
[09Jun2025 00:17:42.130] [Worker-Main-59/ERROR] [net.minecraft.Util/]: Detected setBlock in a far chunk [82, 19], pos: BlockPos{x=1315, y=55, z=304}, status: minecraft:features, currently generating: ResourceKey[minecraft:worldgen/placed_feature / myceliummire:gigatree]
[09Jun2025 00:17:43.662] [Worker-Main-59/ERROR] [net.minecraft.Util/]: Detected setBlock in a far chunk [94, 13], pos: BlockPos{x=1519, y=63, z=219}, status: minecraft:features, currently generating: ResourceKey[minecraft:worldgen/placed_feature / myceliummire:gigatree]
[09Jun2025 00:17:43.662] [Worker-Main-59/ERROR] [net.minecraft.Util/]: Detected setBlock in a far chunk [94, 13], pos: BlockPos{x=1519, y=63, z=218}, status: minecraft:features, currently generating: ResourceKey[minecraft:worldgen/placed_feature / myceliummire:gigatree]
[09Jun2025 00:17:43.663] [Worker-Main-59/ERROR] [net.minecraft.Util/]: Detected setBlock in a far chunk [94, 13], pos: BlockPos{x=1518, y=63, z=218}, status: minecraft:features, currently generating: ResourceKey[minecraft:worldgen/placed_feature / myceliummire:gigatree]
[09Jun2025 00:17:43.663] [Worker-Main-59/ERROR] [net.minecraft.Util/]: Detected setBlock in a far chunk [94, 12], pos: BlockPos{x=1518, y=63, z=203}, status: minecraft:features, currently generating: ResourceKey[minecraft:worldgen/placed_feature / myceliummire:gigatree]
[09Jun2025 00:17:43.663] [Worker-Main-59/ERROR] [net.minecraft.Util/]: Detected setBlock in a far chunk [94, 13], pos: BlockPos{x=1517, y=63, z=219}, status: minecraft:features, currently generating: ResourceKey[minecraft:worldgen/placed_feature / myceliummire:gigatree]
[09Jun2025 00:17:43.664] [Worker-Main-59/ERROR] [net.minecraft.Util/]: Detected setBlock in a far chunk [94, 12], pos: BlockPos{x=1517, y=63, z=203}, status: minecraft:features, currently generating: ResourceKey[minecraft:worldgen/placed_feature / myceliummire:gigatree]
[09Jun2025 00:17:43.664] [Worker-Main-59/ERROR] [net.minecraft.Util/]: Detected setBlock in a far chunk [94, 13], pos: BlockPos{x=1519, y=64, z=218}, status: minecraft:features, currently generating: ResourceKey[minecraft:worldgen/placed_feature / myceliummire:gigatree]
[09Jun2025 00:17:43.664] [Worker-Main-59/ERROR] [net.minecraft.Util/]: Detected setBlock in a far chunk [94, 12], pos: BlockPos{x=1519, y=64, z=204}, status: minecraft:features, currently generating: ResourceKey[minecraft:worldgen/placed_feature / myceliummire:gigatree]
[09Jun2025 00:17:43.664] [Worker-Main-59/ERROR] [net.minecraft.Util/]: Detected setBlock in a far chunk [94, 12], pos: BlockPos{x=1519, y=64, z=203}, status: minecraft:features, currently generating: ResourceKey[minecraft:worldgen/placed_feature / myceliummire:gigatree]
[09Jun2025 00:17:43.665] [Worker-Main-59/ERROR] [net.minecraft.Util/]: Detected setBlock in a far chunk [94, 12], pos: BlockPos{x=1518, y=64, z=203}, status: minecraft:features, currently generating: ResourceKey[minecraft:worldgen/placed_feature / myceliummire:gigatree]
[09Jun2025 00:17:43.665] [Worker-Main-59/ERROR] [net.minecraft.Util/]: Detected setBlock in a far chunk [94, 13], pos: BlockPos{x=1519, y=65, z=218}, status: minecraft:features, currently generating: ResourceKey[minecraft:worldgen/placed_feature / myceliummire:gigatree]
[09Jun2025 00:17:43.665] [Worker-Main-59/ERROR] [net.minecraft.Util/]: Detected setBlock in a far chunk [94, 12], pos: BlockPos{x=1519, y=65, z=204}, status: minecraft:features, currently generating: ResourceKey[minecraft:worldgen/placed_feature / myceliummire:gigatree]
[09Jun2025 00:17:43.665] [Worker-Main-59/ERROR] [net.minecraft.Util/]: Detected setBlock in a far chunk [94, 12], pos: BlockPos{x=1519, y=65, z=203}, status: minecraft:features, currently generating: ResourceKey[minecraft:worldgen/placed_feature / myceliummire:gigatree]
[09Jun2025 00:17:43.665] [Worker-Main-59/ERROR] [net.minecraft.Util/]: Detected setBlock in a far chunk [94, 12], pos: BlockPos{x=1519, y=66, z=204}, status: minecraft:features, currently generating: ResourceKey[minecraft:worldgen/placed_feature / myceliummire:gigatree]
[09Jun2025 00:17:46.240] [Worker-Main-59/ERROR] [net.minecraft.Util/]: Detected setBlock in a far chunk [95, 12], pos: BlockPos{x=1535, y=63, z=204}, status: minecraft:features, currently generating: ResourceKey[minecraft:worldgen/placed_feature / myceliummire:gigatree]
[09Jun2025 00:17:46.241] [Worker-Main-59/ERROR] [net.minecraft.Util/]: Detected setBlock in a far chunk [95, 13], pos: BlockPos{x=1535, y=63, z=220}, status: minecraft:features, currently generating: ResourceKey[minecraft:worldgen/placed_feature / myceliummire:gigatree]
[09Jun2025 00:17:46.583] [Worker-Main-18/WARN] [net.minecraft.world.entity.EntityType/]: Skipping Entity with id cursedmodtwo:mushroom_trader
[09Jun2025 00:17:50.297] [Worker-Main-59/ERROR] [net.minecraft.Util/]: Detected setBlock in a far chunk [97, 5], pos: BlockPos{x=1562, y=62, z=80}, status: minecraft:features, currently generating: ResourceKey[minecraft:worldgen/placed_feature / myceliummire:gigatree]
[09Jun2025 00:17:50.934] [Worker-Main-19/WARN] [net.minecraft.world.entity.EntityType/]: Skipping Entity with id cursedmodtwo:mushroom_trader
[09Jun2025 00:17:50.935] [Worker-Main-19/WARN] [net.minecraft.world.entity.EntityType/]: Skipping Entity with id cursedmodtwo:mushroom_trader
[09Jun2025 00:17:54.240] [Worker-Main-17/ERROR] [net.minecraft.Util/]: Detected setBlock in a far chunk [97, 14], pos: BlockPos{x=1567, y=61, z=224}, status: minecraft:features, currently generating: ResourceKey[minecraft:worldgen/placed_feature / myceliummire:gigatree]
[09Jun2025 00:17:54.240] [Worker-Main-17/ERROR] [net.minecraft.Util/]: Detected setBlock in a far chunk [97, 13], pos: BlockPos{x=1567, y=61, z=209}, status: minecraft:features, currently generating: ResourceKey[minecraft:worldgen/placed_feature / myceliummire:gigatree]
[09Jun2025 00:17:54.240] [Worker-Main-17/ERROR] [net.minecraft.Util/]: Detected setBlock in a far chunk [97, 14], pos: BlockPos{x=1566, y=61, z=225}, status: minecraft:features, currently generating: ResourceKey[minecraft:worldgen/placed_feature / myceliummire:gigatree]
[09Jun2025 00:17:54.241] [Worker-Main-17/ERROR] [net.minecraft.Util/]: Detected setBlock in a far chunk [97, 13], pos: BlockPos{x=1566, y=61, z=209}, status: minecraft:features, currently generating: ResourceKey[minecraft:worldgen/placed_feature / myceliummire:gigatree]
[09Jun2025 00:17:54.241] [Worker-Main-17/ERROR] [net.minecraft.Util/]: Detected setBlock in a far chunk [97, 13], pos: BlockPos{x=1567, y=62, z=209}, status: minecraft:features, currently generating: ResourceKey[minecraft:worldgen/placed_feature / myceliummire:gigatree]
[09Jun2025 00:17:59.739] [Worker-Main-59/WARN] [net.minecraft.world.entity.EntityType/]: Skipping Entity with id cursedmodtwo:mushroom_trader
[09Jun2025 00:18:29.431] [Worker-Main-19/WARN] [net.minecraft.world.entity.EntityType/]: Skipping Entity with id cursedmodtwo:mushroom_trader
[09Jun2025 00:18:49.495] [Worker-Main-17/ERROR] [net.minecraft.Util/]: Detected setBlock in a far chunk [100, 2], pos: BlockPos{x=1615, y=64, z=41}, status: minecraft:features, currently generating: ResourceKey[minecraft:worldgen/placed_feature / myceliummire:gigatree]
[09Jun2025 00:18:49.495] [Worker-Main-17/ERROR] [net.minecraft.Util/]: Detected setBlock in a far chunk [100, 3], pos: BlockPos{x=1615, y=64, z=57}, status: minecraft:features, currently generating: ResourceKey[minecraft:worldgen/placed_feature / myceliummire:gigatree]
[09Jun2025 00:18:55.095] [Worker-Main-17/ERROR] [net.minecraft.Util/]: Detected setBlock in a far chunk [101, -11], pos: BlockPos{x=1631, y=61, z=-164}, status: minecraft:features, currently generating: ResourceKey[minecraft:worldgen/placed_feature / myceliummire:gigatree]
[09Jun2025 00:18:55.095] [Worker-Main-17/ERROR] [net.minecraft.Util/]: Detected setBlock in a far chunk [101, -12], pos: BlockPos{x=1631, y=61, z=-179}, status: minecraft:features, currently generating: ResourceKey[minecraft:worldgen/placed_feature / myceliummire:gigatree]
[09Jun2025 00:18:55.095] [Worker-Main-17/ERROR] [net.minecraft.Util/]: Detected setBlock in a far chunk [101, -11], pos: BlockPos{x=1630, y=61, z=-163}, status: minecraft:features, currently generating: ResourceKey[minecraft:worldgen/placed_feature / myceliummire:gigatree]
[09Jun2025 00:18:55.096] [Worker-Main-17/ERROR] [net.minecraft.Util/]: Detected setBlock in a far chunk [101, -12], pos: BlockPos{x=1630, y=61, z=-179}, status: minecraft:features, currently generating: ResourceKey[minecraft:worldgen/placed_feature / myceliummire:gigatree]
[09Jun2025 00:18:55.096] [Worker-Main-17/ERROR] [net.minecraft.Util/]: Detected setBlock in a far chunk [101, -12], pos: BlockPos{x=1631, y=62, z=-179}, status: minecraft:features, currently generating: ResourceKey[minecraft:worldgen/placed_feature / myceliummire:gigatree]
[09Jun2025 00:18:55.098] [Worker-Main-17/ERROR] [net.minecraft.Util/]: Detected setBlock in a far chunk [103, -9], pos: BlockPos{x=1663, y=62, z=-144}, status: minecraft:features, currently generating: ResourceKey[minecraft:worldgen/placed_feature / myceliummire:gigatree]
[09Jun2025 00:18:55.098] [Worker-Main-17/ERROR] [net.minecraft.Util/]: Detected setBlock in a far chunk [102, -9], pos: BlockPos{x=1647, y=62, z=-144}, status: minecraft:features, currently generating: ResourceKey[minecraft:worldgen/placed_feature / myceliummire:gigatree]
